<?xml version="1.0" encoding="UTF-8"?>
<!-- Generated by org.testng.reporters.JUnitReportReporter -->
<testsuite hostname="KS20L071" name="AmazonUsingTestng.OrderPhone_UsingTestng" tests="5" failures="0" timestamp="5 Apr 2021 16:27:26 GMT" time="11.456" errors="0">
  <testcase name="AddItemToCart" time="3.402" classname="AmazonUsingTestng.OrderPhone_UsingTestng"/>
  <testcase name="newWindow" time="0.046" classname="AmazonUsingTestng.OrderPhone_UsingTestng"/>
  <testcase name="OpenCart" time="3.649" classname="AmazonUsingTestng.OrderPhone_UsingTestng"/>
  <testcase name="SearchItem" time="2.355" classname="AmazonUsingTestng.OrderPhone_UsingTestng"/>
  <testcase name="ClickProceedtoBuy" time="2.004" classname="AmazonUsingTestng.OrderPhone_UsingTestng"/>
</testsuite> <!-- AmazonUsingTestng.OrderPhone_UsingTestng -->
